# JRE version: Java(TM) SE Runtime Environment (8.0_221-b11) (build 1.8.0_221-b11)
# Java VM: Java HotSpot(TM) 64-Bit Server VM (25.221-b11 mixed mode windows-amd64 compressed oops)
Heap:
 PSYoungGen      total 138240K, used 103944K [0x00000000d5f80000, 0x00000000e7480000, 0x0000000100000000)
  eden space 133120K, 78% used [0x00000000d5f80000,0x00000000dc502398,0x00000000de180000)
  from space 5120K, 0% used [0x00000000de180000,0x00000000de180000,0x00000000de680000)
  to   space 8704K, 0% used [0x00000000e6c00000,0x00000000e6c00000,0x00000000e7480000)
 ParOldGen       total 49152K, used 6242K [0x0000000081e00000, 0x0000000084e00000, 0x00000000d5f80000)
  object space 49152K, 12% used [0x0000000081e00000,0x0000000082418b90,0x0000000084e00000)
 Metaspace       used 24363K, capacity 24726K, committed 25088K, reserved 1071104K
  class space    used 2877K, capacity 3007K, committed 3072K, reserved 1048576K
GC Heap History (10 events):
Event: 7.852 GC heap before
{Heap before GC invocations=2 (full 0):
 PSYoungGen      total 38400K, used 36691K [0x00000000d5f80000, 0x00000000daa80000, 0x0000000100000000)
  eden space 33280K, 100% used [0x00000000d5f80000,0x00000000d8000000,0x00000000d8000000)
  from space 5120K, 66% used [0x00000000d8000000,0x00000000d8354ef0,0x00000000d8500000)
  to   space 5120K, 0% used [0x00000000da580000,0x00000000da580000,0x00000000daa80000)
 ParOldGen       total 87552K, used 8K [0x0000000081e00000, 0x0000000087380000, 0x00000000d5f80000)
  object space 87552K, 0% used [0x0000000081e00000,0x0000000081e02000,0x0000000087380000)
 Metaspace       used 8868K, capacity 8962K, committed 9088K, reserved 1056768K
  class space    used 1036K, capacity 1073K, committed 1152K, reserved 1048576K
Event: 7.922 GC heap after
Heap after GC invocations=2 (full 0):
 PSYoungGen      total 71680K, used 4178K [0x00000000d5f80000, 0x00000000daa80000, 0x0000000100000000)
  eden space 66560K, 0% used [0x00000000d5f80000,0x00000000d5f80000,0x00000000da080000)
  from space 5120K, 81% used [0x00000000da580000,0x00000000da994bc8,0x00000000daa80000)
  to   space 5120K, 0% used [0x00000000da080000,0x00000000da080000,0x00000000da580000)
 ParOldGen       total 87552K, used 16K [0x0000000081e00000, 0x0000000087380000, 0x00000000d5f80000)
  object space 87552K, 0% used [0x0000000081e00000,0x0000000081e04000,0x0000000087380000)
 Metaspace       used 8868K, capacity 8962K, committed 9088K, reserved 1056768K
  class space    used 1036K, capacity 1073K, committed 1152K, reserved 1048576K
}
Event: 12.643 GC heap before
{Heap before GC invocations=3 (full 0):
 PSYoungGen      total 71680K, used 70738K [0x00000000d5f80000, 0x00000000daa80000, 0x0000000100000000)
  eden space 66560K, 100% used [0x00000000d5f80000,0x00000000da080000,0x00000000da080000)
  from space 5120K, 81% used [0x00000000da580000,0x00000000da994bc8,0x00000000daa80000)
  to   space 5120K, 0% used [0x00000000da080000,0x00000000da080000,0x00000000da580000)
 ParOldGen       total 87552K, used 16K [0x0000000081e00000, 0x0000000087380000, 0x00000000d5f80000)
  object space 87552K, 0% used [0x0000000081e00000,0x0000000081e04000,0x0000000087380000)
 Metaspace       used 13707K, capacity 13938K, committed 14080K, reserved 1060864K
  class space    used 1618K, capacity 1709K, committed 1792K, reserved 1048576K
Event: 12.652 GC heap after
Heap after GC invocations=3 (full 0):
 PSYoungGen      total 71680K, used 5116K [0x00000000d5f80000, 0x00000000deb80000, 0x0000000100000000)
  eden space 66560K, 0% used [0x00000000d5f80000,0x00000000d5f80000,0x00000000da080000)
  from space 5120K, 99% used [0x00000000da080000,0x00000000da57f3c0,0x00000000da580000)
  to   space 5120K, 0% used [0x00000000de680000,0x00000000de680000,0x00000000deb80000)
 ParOldGen       total 87552K, used 916K [0x0000000081e00000, 0x0000000087380000, 0x00000000d5f80000)
  object space 87552K, 1% used [0x0000000081e00000,0x0000000081ee50d8,0x0000000087380000)
 Metaspace       used 13707K, capacity 13938K, committed 14080K, reserved 1060864K
  class space    used 1618K, capacity 1709K, committed 1792K, reserved 1048576K
}
Event: 14.782 GC heap before
{Heap before GC invocations=4 (full 0):
 PSYoungGen      total 71680K, used 71676K [0x00000000d5f80000, 0x00000000deb80000, 0x0000000100000000)
  eden space 66560K, 100% used [0x00000000d5f80000,0x00000000da080000,0x00000000da080000)
  from space 5120K, 99% used [0x00000000da080000,0x00000000da57f3c0,0x00000000da580000)
  to   space 5120K, 0% used [0x00000000de680000,0x00000000de680000,0x00000000deb80000)
 ParOldGen       total 87552K, used 916K [0x0000000081e00000, 0x0000000087380000, 0x00000000d5f80000)
  object space 87552K, 1% used [0x0000000081e00000,0x0000000081ee50d8,0x0000000087380000)
 Metaspace       used 19108K, capacity 19384K, committed 19712K, reserved 1067008K
  class space    used 2343K, capacity 2462K, committed 2560K, reserved 1048576K
Event: 14.794 GC heap after
Heap after GC invocations=4 (full 0):
 PSYoungGen      total 138240K, used 5111K [0x00000000d5f80000, 0x00000000deb80000, 0x0000000100000000)
  eden space 133120K, 0% used [0x00000000d5f80000,0x00000000d5f80000,0x00000000de180000)
  from space 5120K, 99% used [0x00000000de680000,0x00000000deb7deb0,0x00000000deb80000)
  to   space 5120K, 0% used [0x00000000de180000,0x00000000de180000,0x00000000de680000)
 ParOldGen       total 87552K, used 3157K [0x0000000081e00000, 0x0000000087380000, 0x00000000d5f80000)
  object space 87552K, 3% used [0x0000000081e00000,0x00000000821157f0,0x0000000087380000)
 Metaspace       used 19108K, capacity 19384K, committed 19712K, reserved 1067008K
  class space    used 2343K, capacity 2462K, committed 2560K, reserved 1048576K
}
Event: 15.728 GC heap before
{Heap before GC invocations=5 (full 0):
 PSYoungGen      total 138240K, used 42728K [0x00000000d5f80000, 0x00000000deb80000, 0x0000000100000000)
  eden space 133120K, 28% used [0x00000000d5f80000,0x00000000d843c4b0,0x00000000de180000)
  from space 5120K, 99% used [0x00000000de680000,0x00000000deb7deb0,0x00000000deb80000)
  to   space 5120K, 0% used [0x00000000de180000,0x00000000de180000,0x00000000de680000)
 ParOldGen       total 87552K, used 3157K [0x0000000081e00000, 0x0000000087380000, 0x00000000d5f80000)
  object space 87552K, 3% used [0x0000000081e00000,0x00000000821157f0,0x0000000087380000)
 Metaspace       used 20785K, capacity 20990K, committed 21296K, reserved 1069056K
  class space    used 2506K, capacity 2591K, committed 2688K, reserved 1048576K
Event: 15.754 GC heap after
Heap after GC invocations=5 (full 0):
 PSYoungGen      total 138240K, used 5108K [0x00000000d5f80000, 0x00000000e7480000, 0x0000000100000000)
  eden space 133120K, 0% used [0x00000000d5f80000,0x00000000d5f80000,0x00000000de180000)
  from space 5120K, 99% used [0x00000000de180000,0x00000000de67d090,0x00000000de680000)
  to   space 8704K, 0% used [0x00000000e6c00000,0x00000000e6c00000,0x00000000e7480000)
 ParOldGen       total 87552K, used 4392K [0x0000000081e00000, 0x0000000087380000, 0x00000000d5f80000)
  object space 87552K, 5% used [0x0000000081e00000,0x000000008224a2c0,0x0000000087380000)
 Metaspace       used 20785K, capacity 20990K, committed 21296K, reserved 1069056K
  class space    used 2506K, capacity 2591K, committed 2688K, reserved 1048576K
}
Event: 15.754 GC heap before
{Heap before GC invocations=6 (full 1):
 PSYoungGen      total 138240K, used 5108K [0x00000000d5f80000, 0x00000000e7480000, 0x0000000100000000)
  eden space 133120K, 0% used [0x00000000d5f80000,0x00000000d5f80000,0x00000000de180000)
  from space 5120K, 99% used [0x00000000de180000,0x00000000de67d090,0x00000000de680000)
  to   space 8704K, 0% used [0x00000000e6c00000,0x00000000e6c00000,0x00000000e7480000)
 ParOldGen       total 87552K, used 4392K [0x0000000081e00000, 0x0000000087380000, 0x00000000d5f80000)
  object space 87552K, 5% used [0x0000000081e00000,0x000000008224a2c0,0x0000000087380000)
 Metaspace       used 20785K, capacity 20990K, committed 21296K, reserved 1069056K
  class space    used 2506K, capacity 2591K, committed 2688K, reserved 1048576K
Event: 15.814 GC heap after
Heap after GC invocations=6 (full 1):
 PSYoungGen      total 138240K, used 0K [0x00000000d5f80000, 0x00000000e7480000, 0x0000000100000000)
  eden space 133120K, 0% used [0x00000000d5f80000,0x00000000d5f80000,0x00000000de180000)
  from space 5120K, 0% used [0x00000000de180000,0x00000000de180000,0x00000000de680000)
  to   space 8704K, 0% used [0x00000000e6c00000,0x00000000e6c00000,0x00000000e7480000)
 ParOldGen       total 49152K, used 6242K [0x0000000081e00000, 0x0000000084e00000, 0x00000000d5f80000)
  object space 49152K, 12% used [0x0000000081e00000,0x0000000082418b90,0x0000000084e00000)
 Metaspace       used 20785K, capacity 20990K, committed 21296K, reserved 1069056K
  class space    used 2506K, capacity 2591K, committed 2688K, reserved 1048576K
}

