# JRE version: Java(TM) SE Runtime Environment (8.0_221-b11) (build 1.8.0_221-b11)
# Java VM: Java HotSpot(TM) 64-Bit Server VM (25.221-b11 mixed mode windows-amd64 compressed oops)
Heap:
 PSYoungGen      total 115200K, used 39229K [0x00000000d5f80000, 0x00000000de980000, 0x0000000100000000)
  eden space 112128K, 32% used [0x00000000d5f80000,0x00000000d8331618,0x00000000dcd00000)
  from space 3072K, 87% used [0x00000000de680000,0x00000000de91e078,0x00000000de980000)
  to   space 6656K, 0% used [0x00000000ddc80000,0x00000000ddc80000,0x00000000de300000)
 ParOldGen       total 50176K, used 6118K [0x0000000081e00000, 0x0000000084f00000, 0x00000000d5f80000)
  object space 50176K, 12% used [0x0000000081e00000,0x00000000823f9b38,0x0000000084f00000)
 Metaspace       used 24360K, capacity 24678K, committed 24832K, reserved 1071104K
  class space    used 2876K, capacity 3007K, committed 3072K, reserved 1048576K
GC Heap History (10 events):
Event: 14.670 GC heap before
{Heap before GC invocations=5 (full 0):
 PSYoungGen      total 38400K, used 38026K [0x00000000d5f80000, 0x00000000daa80000, 0x0000000100000000)
  eden space 33280K, 100% used [0x00000000d5f80000,0x00000000d8000000,0x00000000d8000000)
  from space 5120K, 92% used [0x00000000d8500000,0x00000000d89a2838,0x00000000d8a00000)
  to   space 5120K, 0% used [0x00000000d8000000,0x00000000d8000000,0x00000000d8500000)
 ParOldGen       total 87552K, used 32K [0x0000000081e00000, 0x0000000087380000, 0x00000000d5f80000)
  object space 87552K, 0% used [0x0000000081e00000,0x0000000081e08000,0x0000000087380000)
 Metaspace       used 15888K, capacity 16088K, committed 16384K, reserved 1062912K
  class space    used 1952K, capacity 2036K, committed 2048K, reserved 1048576K
Event: 14.700 GC heap after
Heap after GC invocations=5 (full 0):
 PSYoungGen      total 38400K, used 5018K [0x00000000d5f80000, 0x00000000dab80000, 0x0000000100000000)
  eden space 33280K, 0% used [0x00000000d5f80000,0x00000000d5f80000,0x00000000d8000000)
  from space 5120K, 98% used [0x00000000d8000000,0x00000000d84e6b68,0x00000000d8500000)
  to   space 5632K, 0% used [0x00000000da600000,0x00000000da600000,0x00000000dab80000)
 ParOldGen       total 87552K, used 40K [0x0000000081e00000, 0x0000000087380000, 0x00000000d5f80000)
  object space 87552K, 0% used [0x0000000081e00000,0x0000000081e0a000,0x0000000087380000)
 Metaspace       used 15888K, capacity 16088K, committed 16384K, reserved 1062912K
  class space    used 1952K, capacity 2036K, committed 2048K, reserved 1048576K
}
Event: 17.355 GC heap before
{Heap before GC invocations=6 (full 0):
 PSYoungGen      total 38400K, used 38298K [0x00000000d5f80000, 0x00000000dab80000, 0x0000000100000000)
  eden space 33280K, 100% used [0x00000000d5f80000,0x00000000d8000000,0x00000000d8000000)
  from space 5120K, 98% used [0x00000000d8000000,0x00000000d84e6b68,0x00000000d8500000)
  to   space 5632K, 0% used [0x00000000da600000,0x00000000da600000,0x00000000dab80000)
 ParOldGen       total 87552K, used 40K [0x0000000081e00000, 0x0000000087380000, 0x00000000d5f80000)
  object space 87552K, 0% used [0x0000000081e00000,0x0000000081e0a000,0x0000000087380000)
 Metaspace       used 19208K, capacity 19470K, committed 19712K, reserved 1067008K
  class space    used 2353K, capacity 2463K, committed 2560K, reserved 1048576K
Event: 17.455 GC heap after
Heap after GC invocations=6 (full 0):
 PSYoungGen      total 71680K, used 5615K [0x00000000d5f80000, 0x00000000dac80000, 0x0000000100000000)
  eden space 66048K, 0% used [0x00000000d5f80000,0x00000000d5f80000,0x00000000da000000)
  from space 5632K, 99% used [0x00000000da600000,0x00000000dab7bd60,0x00000000dab80000)
  to   space 6144K, 0% used [0x00000000da000000,0x00000000da000000,0x00000000da600000)
 ParOldGen       total 87552K, used 240K [0x0000000081e00000, 0x0000000087380000, 0x00000000d5f80000)
  object space 87552K, 0% used [0x0000000081e00000,0x0000000081e3c148,0x0000000087380000)
 Metaspace       used 19208K, capacity 19470K, committed 19712K, reserved 1067008K
  class space    used 2353K, capacity 2463K, committed 2560K, reserved 1048576K
}
Event: 19.356 GC heap before
{Heap before GC invocations=7 (full 0):
 PSYoungGen      total 71680K, used 39518K [0x00000000d5f80000, 0x00000000dac80000, 0x0000000100000000)
  eden space 66048K, 51% used [0x00000000d5f80000,0x00000000d809baa0,0x00000000da000000)
  from space 5632K, 99% used [0x00000000da600000,0x00000000dab7bd60,0x00000000dab80000)
  to   space 6144K, 0% used [0x00000000da000000,0x00000000da000000,0x00000000da600000)
 ParOldGen       total 87552K, used 240K [0x0000000081e00000, 0x0000000087380000, 0x00000000d5f80000)
  object space 87552K, 0% used [0x0000000081e00000,0x0000000081e3c148,0x0000000087380000)
 Metaspace       used 20768K, capacity 21006K, committed 21296K, reserved 1069056K
  class space    used 2502K, capacity 2591K, committed 2688K, reserved 1048576K
Event: 19.450 GC heap after
Heap after GC invocations=7 (full 0):
 PSYoungGen      total 72192K, used 4117K [0x00000000d5f80000, 0x00000000dec80000, 0x0000000100000000)
  eden space 66048K, 0% used [0x00000000d5f80000,0x00000000d5f80000,0x00000000da000000)
  from space 6144K, 67% used [0x00000000da000000,0x00000000da4055a0,0x00000000da600000)
  to   space 6144K, 0% used [0x00000000de680000,0x00000000de680000,0x00000000dec80000)
 ParOldGen       total 87552K, used 2360K [0x0000000081e00000, 0x0000000087380000, 0x00000000d5f80000)
  object space 87552K, 2% used [0x0000000081e00000,0x000000008204e2e8,0x0000000087380000)
 Metaspace       used 20768K, capacity 21006K, committed 21296K, reserved 1069056K
  class space    used 2502K, capacity 2591K, committed 2688K, reserved 1048576K
}
Event: 19.450 GC heap before
{Heap before GC invocations=8 (full 1):
 PSYoungGen      total 72192K, used 4117K [0x00000000d5f80000, 0x00000000dec80000, 0x0000000100000000)
  eden space 66048K, 0% used [0x00000000d5f80000,0x00000000d5f80000,0x00000000da000000)
  from space 6144K, 67% used [0x00000000da000000,0x00000000da4055a0,0x00000000da600000)
  to   space 6144K, 0% used [0x00000000de680000,0x00000000de680000,0x00000000dec80000)
 ParOldGen       total 87552K, used 2360K [0x0000000081e00000, 0x0000000087380000, 0x00000000d5f80000)
  object space 87552K, 2% used [0x0000000081e00000,0x000000008204e2e8,0x0000000087380000)
 Metaspace       used 20768K, capacity 21006K, committed 21296K, reserved 1069056K
  class space    used 2502K, capacity 2591K, committed 2688K, reserved 1048576K
Event: 19.626 GC heap after
Heap after GC invocations=8 (full 1):
 PSYoungGen      total 72192K, used 0K [0x00000000d5f80000, 0x00000000dec80000, 0x0000000100000000)
  eden space 66048K, 0% used [0x00000000d5f80000,0x00000000d5f80000,0x00000000da000000)
  from space 6144K, 0% used [0x00000000da000000,0x00000000da000000,0x00000000da600000)
  to   space 6144K, 0% used [0x00000000de680000,0x00000000de680000,0x00000000dec80000)
 ParOldGen       total 50176K, used 6118K [0x0000000081e00000, 0x0000000084f00000, 0x00000000d5f80000)
  object space 50176K, 12% used [0x0000000081e00000,0x00000000823f9b38,0x0000000084f00000)
 Metaspace       used 20768K, capacity 21006K, committed 21296K, reserved 1069056K
  class space    used 2502K, capacity 2591K, committed 2688K, reserved 1048576K
}
Event: 21.324 GC heap before
{Heap before GC invocations=9 (full 1):
 PSYoungGen      total 72192K, used 66048K [0x00000000d5f80000, 0x00000000dec80000, 0x0000000100000000)
  eden space 66048K, 100% used [0x00000000d5f80000,0x00000000da000000,0x00000000da000000)
  from space 6144K, 0% used [0x00000000da000000,0x00000000da000000,0x00000000da600000)
  to   space 6144K, 0% used [0x00000000de680000,0x00000000de680000,0x00000000dec80000)
 ParOldGen       total 50176K, used 6118K [0x0000000081e00000, 0x0000000084f00000, 0x00000000d5f80000)
  object space 50176K, 12% used [0x0000000081e00000,0x00000000823f9b38,0x0000000084f00000)
 Metaspace       used 23546K, capacity 23776K, committed 24192K, reserved 1071104K
  class space    used 2783K, capacity 2853K, committed 2944K, reserved 1048576K
Event: 21.336 GC heap after
Heap after GC invocations=9 (full 1):
 PSYoungGen      total 115200K, used 2680K [0x00000000d5f80000, 0x00000000de980000, 0x0000000100000000)
  eden space 112128K, 0% used [0x00000000d5f80000,0x00000000d5f80000,0x00000000dcd00000)
  from space 3072K, 87% used [0x00000000de680000,0x00000000de91e078,0x00000000de980000)
  to   space 6656K, 0% used [0x00000000ddc80000,0x00000000ddc80000,0x00000000de300000)
 ParOldGen       total 50176K, used 6118K [0x0000000081e00000, 0x0000000084f00000, 0x00000000d5f80000)
  object space 50176K, 12% used [0x0000000081e00000,0x00000000823f9b38,0x0000000084f00000)
 Metaspace       used 23546K, capacity 23776K, committed 24192K, reserved 1071104K
  class space    used 2783K, capacity 2853K, committed 2944K, reserved 1048576K
}

